mode: set
github.com/elSuperRiton/gophercices/second/cmd/main.go:32.13,38.16 5 0
github.com/elSuperRiton/gophercices/second/cmd/main.go:42.2,47.45 2 0
github.com/elSuperRiton/gophercices/second/cmd/main.go:38.16,39.13 1 0
github.com/elSuperRiton/gophercices/second/cmd/main.go:47.45,49.3 1 0
github.com/elSuperRiton/gophercices/second/cmd/main.go:54.60,61.16 2 1
github.com/elSuperRiton/gophercices/second/cmd/main.go:72.2,72.16 1 1
github.com/elSuperRiton/gophercices/second/cmd/main.go:76.2,79.17 3 1
github.com/elSuperRiton/gophercices/second/cmd/main.go:62.14,63.135 1 1
github.com/elSuperRiton/gophercices/second/cmd/main.go:66.14,66.14 0 0
github.com/elSuperRiton/gophercices/second/cmd/main.go:67.14,67.14 0 0
github.com/elSuperRiton/gophercices/second/cmd/main.go:68.10,69.64 1 1
github.com/elSuperRiton/gophercices/second/cmd/main.go:63.135,65.4 1 1
github.com/elSuperRiton/gophercices/second/cmd/main.go:72.16,74.3 1 0
