mode: set
github.com/elSuperRiton/gophercices/second/urlshortner/repository.go:16.34,18.2 1 1
github.com/elSuperRiton/gophercices/second/urlshortner/repository.go:21.63,23.2 1 1
github.com/elSuperRiton/gophercices/second/urlshortner/utils/mapper.go:9.88,10.54 1 1
github.com/elSuperRiton/gophercices/second/urlshortner/utils/mapper.go:10.54,11.45 1 1
github.com/elSuperRiton/gophercices/second/urlshortner/utils/mapper.go:15.3,15.27 1 1
github.com/elSuperRiton/gophercices/second/urlshortner/utils/mapper.go:11.45,13.4 1 1
github.com/elSuperRiton/gophercices/second/urlshortner/utils/mapper.go:21.56,23.24 2 1
github.com/elSuperRiton/gophercices/second/urlshortner/utils/mapper.go:27.2,27.19 1 1
github.com/elSuperRiton/gophercices/second/urlshortner/utils/mapper.go:23.24,25.3 1 1
github.com/elSuperRiton/gophercices/second/cmd/main.go:19.13,25.16 5 0
github.com/elSuperRiton/gophercices/second/cmd/main.go:29.2,34.45 2 0
github.com/elSuperRiton/gophercices/second/cmd/main.go:25.16,26.13 1 0
github.com/elSuperRiton/gophercices/second/cmd/main.go:34.45,36.3 1 0
github.com/elSuperRiton/gophercices/second/cmd/main.go:41.60,43.16 1 0
github.com/elSuperRiton/gophercices/second/cmd/main.go:53.2,53.96 1 0
github.com/elSuperRiton/gophercices/second/cmd/main.go:56.2,56.16 1 0
github.com/elSuperRiton/gophercices/second/cmd/main.go:60.2,63.17 3 0
github.com/elSuperRiton/gophercices/second/cmd/main.go:44.14,45.72 1 0
github.com/elSuperRiton/gophercices/second/cmd/main.go:46.14,47.67 1 0
github.com/elSuperRiton/gophercices/second/cmd/main.go:48.14,48.14 0 0
github.com/elSuperRiton/gophercices/second/cmd/main.go:49.10,50.64 1 0
github.com/elSuperRiton/gophercices/second/cmd/main.go:53.96,55.3 1 0
github.com/elSuperRiton/gophercices/second/cmd/main.go:56.16,58.3 1 0
github.com/elSuperRiton/gophercices/second/urlshortner/json/parser.go:10.52,13.16 3 1
github.com/elSuperRiton/gophercices/second/urlshortner/json/parser.go:17.2,17.15 1 1
github.com/elSuperRiton/gophercices/second/urlshortner/json/parser.go:13.16,15.3 1 1
github.com/elSuperRiton/gophercices/second/urlshortner/json/repository.go:11.44,15.2 1 1
github.com/elSuperRiton/gophercices/second/urlshortner/json/handler.go:27.78,29.16 2 1
github.com/elSuperRiton/gophercices/second/urlshortner/json/handler.go:33.2,33.59 1 1
github.com/elSuperRiton/gophercices/second/urlshortner/json/handler.go:29.16,31.3 1 1
github.com/elSuperRiton/gophercices/second/urlshortner/yaml/handler.go:21.78,23.16 2 1
github.com/elSuperRiton/gophercices/second/urlshortner/yaml/handler.go:27.2,27.59 1 1
github.com/elSuperRiton/gophercices/second/urlshortner/yaml/handler.go:23.16,25.3 1 1
github.com/elSuperRiton/gophercices/second/urlshortner/yaml/parser.go:11.52,14.16 3 1
github.com/elSuperRiton/gophercices/second/urlshortner/yaml/parser.go:18.2,18.15 1 1
github.com/elSuperRiton/gophercices/second/urlshortner/yaml/parser.go:14.16,16.3 1 1
github.com/elSuperRiton/gophercices/second/urlshortner/yaml/repository.go:10.44,14.2 1 1
