mode: set
github.com/elSuperRiton/gophercices/second/cmd/main.go:16.13,22.16 5 0
github.com/elSuperRiton/gophercices/second/cmd/main.go:26.2,31.45 2 0
github.com/elSuperRiton/gophercices/second/cmd/main.go:22.16,23.13 1 0
github.com/elSuperRiton/gophercices/second/cmd/main.go:31.45,33.3 1 0
github.com/elSuperRiton/gophercices/second/cmd/main.go:38.60,45.16 2 1
github.com/elSuperRiton/gophercices/second/cmd/main.go:59.2,59.16 1 1
github.com/elSuperRiton/gophercices/second/cmd/main.go:63.2,66.17 3 1
github.com/elSuperRiton/gophercices/second/cmd/main.go:46.14,47.135 1 1
github.com/elSuperRiton/gophercices/second/cmd/main.go:50.14,51.135 1 0
github.com/elSuperRiton/gophercices/second/cmd/main.go:54.14,54.14 0 0
github.com/elSuperRiton/gophercices/second/cmd/main.go:55.10,56.64 1 1
github.com/elSuperRiton/gophercices/second/cmd/main.go:47.135,49.4 1 1
github.com/elSuperRiton/gophercices/second/cmd/main.go:51.135,53.4 1 0
github.com/elSuperRiton/gophercices/second/cmd/main.go:59.16,61.3 1 0
github.com/elSuperRiton/gophercices/second/urlshortner/parser.go:14.41,17.16 3 1
github.com/elSuperRiton/gophercices/second/urlshortner/parser.go:21.2,21.15 1 1
github.com/elSuperRiton/gophercices/second/urlshortner/parser.go:17.16,19.3 1 1
github.com/elSuperRiton/gophercices/second/urlshortner/parser.go:26.41,29.16 3 0
github.com/elSuperRiton/gophercices/second/urlshortner/parser.go:33.2,33.15 1 0
github.com/elSuperRiton/gophercices/second/urlshortner/parser.go:29.16,31.3 1 0
github.com/elSuperRiton/gophercices/second/urlshortner/parser.go:38.41,40.24 2 1
github.com/elSuperRiton/gophercices/second/urlshortner/parser.go:44.2,44.19 1 1
github.com/elSuperRiton/gophercices/second/urlshortner/parser.go:40.24,42.3 1 1
github.com/elSuperRiton/gophercices/second/urlshortner/urlshortner.go:11.88,12.54 1 1
github.com/elSuperRiton/gophercices/second/urlshortner/urlshortner.go:12.54,13.45 1 1
github.com/elSuperRiton/gophercices/second/urlshortner/urlshortner.go:17.3,17.27 1 1
github.com/elSuperRiton/gophercices/second/urlshortner/urlshortner.go:13.45,15.4 1 1
github.com/elSuperRiton/gophercices/second/urlshortner/urlshortner.go:33.79,35.16 2 1
github.com/elSuperRiton/gophercices/second/urlshortner/urlshortner.go:39.2,39.47 1 1
github.com/elSuperRiton/gophercices/second/urlshortner/urlshortner.go:35.16,37.3 1 1
github.com/elSuperRiton/gophercices/second/urlshortner/urlshortner.go:60.80,62.16 2 0
github.com/elSuperRiton/gophercices/second/urlshortner/urlshortner.go:66.2,66.47 1 0
github.com/elSuperRiton/gophercices/second/urlshortner/urlshortner.go:62.16,64.3 1 0
