mode: set
github.com/elSuperRiton/gophercices/first/questionnary/file.go:13.46,19.2 4 0
github.com/elSuperRiton/gophercices/first/questionnary/file.go:21.49,26.6 3 1
github.com/elSuperRiton/gophercices/first/questionnary/file.go:40.2,40.22 1 1
github.com/elSuperRiton/gophercices/first/questionnary/file.go:26.6,28.20 2 1
github.com/elSuperRiton/gophercices/first/questionnary/file.go:31.3,37.5 3 1
github.com/elSuperRiton/gophercices/first/questionnary/file.go:28.20,29.9 1 1
github.com/elSuperRiton/gophercices/first/questionnary/questionnary.go:25.45,32.44 4 1
github.com/elSuperRiton/gophercices/first/questionnary/questionnary.go:49.2,50.11 2 1
github.com/elSuperRiton/gophercices/first/questionnary/questionnary.go:32.44,34.13 1 1
github.com/elSuperRiton/gophercices/first/questionnary/questionnary.go:40.3,40.10 1 1
github.com/elSuperRiton/gophercices/first/questionnary/questionnary.go:34.13,38.4 3 1
github.com/elSuperRiton/gophercices/first/questionnary/questionnary.go:41.16,42.22 1 0
github.com/elSuperRiton/gophercices/first/questionnary/questionnary.go:43.30,45.25 2 1
github.com/elSuperRiton/gophercices/first/questionnary/questionnary.go:53.68,57.2 2 1
github.com/elSuperRiton/gophercices/first/questionnary/questionnary.go:59.53,60.23 1 1
github.com/elSuperRiton/gophercices/first/questionnary/questionnary.go:65.2,66.21 2 1
github.com/elSuperRiton/gophercices/first/questionnary/questionnary.go:60.23,63.3 2 1
github.com/elSuperRiton/gophercices/first/questionnary/questionnary.go:69.63,70.109 1 1
github.com/elSuperRiton/gophercices/first/questionnary/questionnary.go:70.109,72.3 1 1
